<?xml version="1.0" encoding="UTF-8"?>
<!-- Generated by org.testng.reporters.JUnitXMLReporter -->
<testsuite ignored="2" hostname="DESKTOP-U5QV88L" failures="0" tests="3" name="Default test" time="11.121" errors="0" timestamp="2024-12-31T00:11:21 EET">
  <testcase classname="MyTestCases" name="login" time="0.204"/>
  <testcase classname="MyTestCases" name="addLeftSideItems" time="2.083"/>
  <testcase classname="MyTestCases" name="checkout" time="6.381"/>
  <testcase classname="MyTestCases" name="AddItem" time="0.0">
    <ignored/>
  </testcase> <!-- AddItem -->
  <testcase classname="MyTestCases" name="AddRightItem" time="0.0">
    <ignored/>
  </testcase> <!-- AddRightItem -->
</testsuite> <!-- Default test -->
