<?xml version="1.0" encoding="UTF-8"?>
<testng-results ignored="2" total="5" passed="3" failed="0" skipped="0">
  <reporter-output>
  </reporter-output>
  <suite started-at="2024-12-31T00:11:10 EET" name="Default suite" finished-at="2024-12-31T00:11:21 EET" duration-ms="11121">
    <groups>
    </groups>
    <test started-at="2024-12-31T00:11:10 EET" name="Default test" finished-at="2024-12-31T00:11:21 EET" duration-ms="11121">
      <class name="MyTestCases">
        <test-method is-config="true" signature="mySetup()[pri:0, instance:MyTestCases@2e8e8225]" started-at="2024-12-31T00:11:10 EET" name="mySetup" finished-at="2024-12-31T00:11:12 EET" duration-ms="2427" status="PASS">
          <reporter-output>
          </reporter-output>
        </test-method> <!-- mySetup -->
        <test-method signature="login()[pri:1, instance:MyTestCases@2e8e8225]" started-at="2024-12-31T00:11:12 EET" name="login" finished-at="2024-12-31T00:11:13 EET" duration-ms="204" status="PASS">
          <reporter-output>
          </reporter-output>
        </test-method> <!-- login -->
        <test-method signature="addLeftSideItems()[pri:4, instance:MyTestCases@2e8e8225]" started-at="2024-12-31T00:11:13 EET" name="addLeftSideItems" finished-at="2024-12-31T00:11:15 EET" duration-ms="2083" status="PASS">
          <reporter-output>
          </reporter-output>
        </test-method> <!-- addLeftSideItems -->
        <test-method signature="checkout()[pri:5, instance:MyTestCases@2e8e8225]" started-at="2024-12-31T00:11:15 EET" name="checkout" finished-at="2024-12-31T00:11:21 EET" duration-ms="6381" status="PASS">
          <reporter-output>
          </reporter-output>
        </test-method> <!-- checkout -->
      </class> <!-- MyTestCases -->
    </test> <!-- Default test -->
  </suite> <!-- Default suite -->
</testng-results>
